{
  "stats": {
    "suites": 1,
    "tests": 1,
    "passes": 0,
    "pending": 0,
    "failures": 1,
    "start": "2024-02-01T06:51:33.147Z",
    "end": "2024-02-01T06:51:33.295Z",
    "duration": 148,
    "testsRegistered": 1,
    "passPercent": 0,
    "pendingPercent": 0,
    "other": 0,
    "hasOther": false,
    "skipped": 0,
    "hasSkipped": false
  },
  "results": [
    {
      "uuid": "7ce327ea-7f11-4bb1-913a-1638fe40eb2d",
      "title": "",
      "fullFile": "cypress\\e2e\\Create RFQ Service.cy.js",
      "file": "cypress\\e2e\\Create RFQ Service.cy.js",
      "beforeHooks": [],
      "afterHooks": [],
      "tests": [],
      "suites": [
        {
          "uuid": "31904ec8-8918-4596-b7c2-29480ab75015",
          "title": "Create RFQ Service",
          "fullFile": "",
          "file": "",
          "beforeHooks": [],
          "afterHooks": [],
          "tests": [
            {
              "title": "test1-verify create-rfq-service",
              "fullTitle": "Create RFQ Service test1-verify create-rfq-service",
              "timedOut": null,
              "duration": 107,
              "state": "failed",
              "speed": null,
              "pass": false,
              "fail": true,
              "pending": false,
              "context": "{\n  \"title\": \"cypress-mochawesome-reporter-screenshots\",\n  \"value\": [\n    [\n      \"\\\\Create RFQ Service.cy.js\\\\Create RFQ Service -- test1-verify create-rfq-service -- before each hook (failed).png\"\n    ]\n  ]\n}",
              "code": "cy.get('.baTaVsaG4').should('be.visible').and('exist').click();\ncy.get('.Image > img').should('be.visible').and('exist');\ncy.get('.baTaHaKl4 > .Input').should('be.visible').and('exist').type('kendrickcavas@gmail.com');\ncy.get('#passwording').should('be.visible').and('exist').type('Admin@123');\ncy.get('.Button').should('be.visible').and('exist').click();\ncy.get('.baTsaUu5').should('be.visible').and('exist').click().and('have.text', 'Request for Quotation');\ncy.get('.baTaHaZz').should('be.visible').and('exist').click();\ncy.get('.baTaXjq2').should('be.visible').and('exist').click();\ncy.get('.baTmzaO1 > .Input').should('be.visible').and('exist').type('SE-1200 ECG Machine');\ncy.get('.baTmyp1 > .Input').should('be.visible').and('exist').type('IBM');\ncy.get('.baTnaBaM1 > .Input').should('be.visible').and('exist').type('D6901');\ncy.get('.baTpaYx4 > .Input').should('be.visible').and('exist').type('B89RT80H98H');\ncy.get('.baTpaYk4 > .Input').should('be.visible').and('exist').type('ROG Strix');\n//cy.xpath('//*[@id=\"P543110827\"]').select('9/25/2023')\ncy.get('.baTjiaI0 > .Dropdown').should('be.visible').and('exist').select('100% Upon Completion');\ncy.get('.baTpaZs4 > .Input').should('be.visible').and('exist').type('2');\ncy.get('.baTkaQaQ5').should('be.visible').and('exist').click().wait(3000);\ncy.get('.baTaIaCaW2').should('be.visible').and('exist').click();\ncy.get('.baTaJaPg0 > .Checkbox').should('be.visible').and('exist').click().wait(3000);\ncy.get('.baTaMaUi1').should('be.visible').and('exist').click();",
              "err": {
                "message": "CypressError: `cy.visit()` failed trying to load:\n\n/\n\nWe failed looking for this file at the path:\n\n/Getmeddevices/cypress get-med-devices/\n\nThe internal Cypress web server responded with:\n\n  > 404: Not Found\n\nBecause this error occurred during a `before each` hook we are skipping the remaining tests in the current suite: `Create RFQ Service`",
                "estack": "CypressError: `cy.visit()` failed trying to load:\n\n/\n\nWe failed looking for this file at the path:\n\n/Getmeddevices/cypress get-med-devices/\n\nThe internal Cypress web server responded with:\n\n  > 404: Not Found\n\nBecause this error occurred during a `before each` hook we are skipping the remaining tests in the current suite: `Create RFQ Service`\n    at <unknown> (http://localhost:60441/__cypress/runner/cypress_runner.js:130950:76)\n    at visitFailedByErr (http://localhost:60441/__cypress/runner/cypress_runner.js:130358:12)\n    at <unknown> (http://localhost:60441/__cypress/runner/cypress_runner.js:130933:13)\n    at tryCatcher (http://localhost:60441/__cypress/runner/cypress_runner.js:1807:23)\n    at Promise._settlePromiseFromHandler (http://localhost:60441/__cypress/runner/cypress_runner.js:1519:31)\n    at Promise._settlePromise (http://localhost:60441/__cypress/runner/cypress_runner.js:1576:18)\n    at Promise._settlePromise0 (http://localhost:60441/__cypress/runner/cypress_runner.js:1621:10)\n    at Promise._settlePromises (http://localhost:60441/__cypress/runner/cypress_runner.js:1697:18)\n    at _drainQueueStep (http://localhost:60441/__cypress/runner/cypress_runner.js:2407:12)\n    at _drainQueue (http://localhost:60441/__cypress/runner/cypress_runner.js:2400:9)\n    at Async._drainQueues (http://localhost:60441/__cypress/runner/cypress_runner.js:2416:5)\n    at Async.drainQueues (http://localhost:60441/__cypress/runner/cypress_runner.js:2286:14)\nFrom Your Spec Code:\n    at Context.eval (webpack://cypress-get-med-devices/./cypress/e2e/Create RFQ Service.cy.js:4:11)",
                "diff": null
              },
              "uuid": "332f2b94-45d3-4af1-b4cc-7651d669f1ae",
              "parentUUID": "31904ec8-8918-4596-b7c2-29480ab75015",
              "isHook": false,
              "skipped": false
            }
          ],
          "suites": [],
          "passes": [],
          "failures": [
            "332f2b94-45d3-4af1-b4cc-7651d669f1ae"
          ],
          "pending": [],
          "skipped": [],
          "duration": 107,
          "root": false,
          "rootEmpty": false,
          "_timeout": 2000
        }
      ],
      "passes": [],
      "failures": [],
      "pending": [],
      "skipped": [],
      "duration": 0,
      "root": true,
      "rootEmpty": true,
      "_timeout": 2000
    }
  ],
  "meta": {
    "mocha": {
      "version": "7.0.1"
    },
    "mochawesome": {
      "options": {
        "quiet": false,
        "reportFilename": "mochawesome",
        "saveHtml": false,
        "saveJson": true,
        "consoleReporter": "spec",
        "useInlineDiffs": false,
        "code": true
      },
      "version": "7.1.3"
    },
    "marge": {
      "options": {
        "overwrite": false,
        "html": false,
        "json": true,
        "reportDir": "cypress\\reports\\html\\.jsons"
      },
      "version": "6.2.0"
    }
  }
}